<?xml version="1.0" encoding="UTF-8"?>
<testsuite name="com.lohika.atf.tests.TestF" time="29.049" tests="10" errors="0" skipped="0" failures="1">
  <properties>
    <property name="java.runtime.name" value="Java(TM) SE Runtime Environment"/>
    <property name="sun.boot.library.path" value="C:\Program Files\Java\jre7\bin"/>
    <property name="java.vm.version" value="24.51-b03"/>
    <property name="browser" value="firefox"/>
    <property name="user.country.format" value="UA"/>
    <property name="java.vm.vendor" value="Oracle Corporation"/>
    <property name="java.vendor.url" value="http://java.oracle.com/"/>
    <property name="path.separator" value=";"/>
    <property name="guice.disable.misplaced.annotation.check" value="true"/>
    <property name="java.vm.name" value="Java HotSpot(TM) 64-Bit Server VM"/>
    <property name="file.encoding.pkg" value="sun.io"/>
    <property name="user.script" value=""/>
    <property name="user.country" value="US"/>
    <property name="sun.java.launcher" value="SUN_STANDARD"/>
    <property name="sun.os.patch.level" value="Service Pack 1"/>
    <property name="java.vm.specification.name" value="Java Virtual Machine Specification"/>
    <property name="user.dir" value="E:\ATFG\Atf1"/>
    <property name="java.runtime.version" value="1.7.0_51-b13"/>
    <property name="java.awt.graphicsenv" value="sun.awt.Win32GraphicsEnvironment"/>
    <property name="java.endorsed.dirs" value="C:\Program Files\Java\jre7\lib\endorsed"/>
    <property name="os.arch" value="amd64"/>
    <property name="java.io.tmpdir" value="C:\Users\YHNATY~1.LV\AppData\Local\Temp\"/>
    <property name="line.separator" value="&#10;"/>
    <property name="java.vm.specification.vendor" value="Oracle Corporation"/>
    <property name="user.variant" value=""/>
    <property name="os.name" value="Windows 7"/>
    <property name="classworlds.conf" value="C:\Users\yhnatyshyn.LV\workspace\.metadata\.plugins\org.eclipse.m2e.launching\launches\m2conf6674121048759483617.tmp"/>
    <property name="sun.jnu.encoding" value="Cp1251"/>
    <property name="java.library.path" value="C:\Program Files\Java\jre7\bin;C:\Windows\Sun\Java\bin;C:\Windows\system32;C:\Windows;C:\Program Files (x86)\AMD APP\bin\x86_64;C:\Program Files (x86)\AMD APP\bin\x86;C:\Program Files\Common Files\Microsoft Shared\Microsoft Online Services;C:\Program Files (x86)\Common Files\Microsoft Shared\Microsoft Online Services;C:\Program Files\Common Files\Microsoft Shared\Windows Live;C:\Program Files (x86)\Common Files\Microsoft Shared\Windows Live;C:\Windows\system32;C:\Windows;C:\Windows\System32\Wbem;C:\Windows\System32\WindowsPowerShell\v1.0\;C:\Program Files (x86)\Intel\OpenCL SDK\2.0\bin\x86;C:\Program Files (x86)\Intel\OpenCL SDK\2.0\bin\x64;C:\Program Files (x86)\Windows Live\Shared;C:\Program Files\TortoiseSVN\bin;C:\Program Files\OpenVPN\bin;C:\Program Files (x86)\ATI Technologies\ATI.ACE\Core-Static;C:\Program Files\Microsoft Network Monitor 3\;C:\strawberry\c\bin;C:\strawberry\perl\site\bin;C:\strawberry\perl\bin;C:\Program Files\cURL\bin;C:\Users\yhnatyshyn.LV\Documents\c3_project\c3\libs\libs;C:\Users\yhnatyshyn.LV\Documents\c3_project\c3\src\main\resources\libs\libs;E:\SikuliX\libs;C:\Program Files (x86)\Nmap;."/>
    <property name="java.specification.name" value="Java Platform API Specification"/>
    <property name="java.class.version" value="51.0"/>
    <property name="sun.management.compiler" value="HotSpot 64-Bit Tiered Compilers"/>
    <property name="os.version" value="6.1"/>
    <property name="user.home" value="C:\Users\yhnatyshyn.LV"/>
    <property name="user.timezone" value="Europe/Helsinki"/>
    <property name="java.awt.printerjob" value="sun.awt.windows.WPrinterJob"/>
    <property name="java.specification.version" value="1.7"/>
    <property name="file.encoding" value="Cp1251"/>
    <property name="user.name" value="yhnatyshyn"/>
    <property name="java.class.path" value="/E:/progs/eclipse-standard-kepler-SR2-win32-x86_64/eclipse/configuration/org.eclipse.osgi/bundles/360/1/.cp/jars/plexus-classworlds-2.4.jar"/>
    <property name="java.vm.specification.version" value="1.7"/>
    <property name="sun.arch.data.model" value="64"/>
    <property name="java.home" value="C:\Program Files\Java\jre7"/>
    <property name="sun.java.command" value="org.codehaus.plexus.classworlds.launcher.Launcher -B clean test -D browser=firefox"/>
    <property name="java.specification.vendor" value="Oracle Corporation"/>
    <property name="user.language" value="en"/>
    <property name="user.language.format" value="uk"/>
    <property name="awt.toolkit" value="sun.awt.windows.WToolkit"/>
    <property name="java.vm.info" value="mixed mode"/>
    <property name="java.version" value="1.7.0_51"/>
    <property name="java.ext.dirs" value="C:\Program Files\Java\jre7\lib\ext;C:\Windows\Sun\Java\lib\ext"/>
    <property name="sun.boot.class.path" value="C:\Program Files\Java\jre7\lib\resources.jar;C:\Program Files\Java\jre7\lib\rt.jar;C:\Program Files\Java\jre7\lib\jsse.jar;C:\Program Files\Java\jre7\lib\jce.jar;C:\Program Files\Java\jre7\lib\charsets.jar;C:\Program Files\Java\jre7\lib\jfr.jar;C:\Program Files (x86)\JetBrains\IntelliJ IDEA Community Edition 13.0.2\jre\lib\tools.jar"/>
    <property name="java.vendor" value="Oracle Corporation"/>
    <property name="maven.home" value="E:\ATFG\Atf1\EMBEDDED"/>
    <property name="file.separator" value="\"/>
    <property name="java.vendor.url.bug" value="http://bugreport.sun.com/bugreport/"/>
    <property name="maven.bootclasspath" value="/E:/progs/eclipse-standard-kepler-SR2-win32-x86_64/eclipse/configuration/org.eclipse.osgi/bundles/360/1/.cp/jars/plexus-classworlds-2.4.jar"/>
    <property name="sun.cpu.endian" value="little"/>
    <property name="sun.io.unicode.encoding" value="UnicodeLittle"/>
    <property name="sun.desktop" value="windows"/>
    <property name="sun.cpu.isalist" value="amd64"/>
  </properties>
  <testcase name="CSVaddProducts" classname="com.lohika.atf.tests.TestF" time="4.312"/>
  <testcase name="CSVaddProducts" classname="com.lohika.atf.tests.TestF" time="3.56"/>
  <testcase name="addProducts" classname="com.lohika.atf.tests.TestF" time="4.393"/>
  <testcase name="calcPrice" classname="com.lohika.atf.tests.TestF" time="0.153"/>
  <testcase name="deleteProducts" classname="com.lohika.atf.tests.TestF" time="0.143"/>
  <testcase name="editCancelProduct" classname="com.lohika.atf.tests.TestF" time="0.825"/>
  <testcase name="editProductInvoice" classname="com.lohika.atf.tests.TestF" time="0.807"/>
  <testcase name="editProductSingleRow" classname="com.lohika.atf.tests.TestF" time="0.001"/>
  <testcase name="validationAddProductFields" classname="com.lohika.atf.tests.TestF" time="11.64"/>
  <testcase name="validationEditProductFields" classname="com.lohika.atf.tests.TestF" time="3.215">
    <failure message="Error if price is string&#10;Expected: &quot;CheckScreenshot&quot;&#10;     but: was &quot;edit-input narrow-edit error&quot;" type="java.lang.AssertionError">java.lang.AssertionError: Error if price is string
Expected: "CheckScreenshot"
     but: was "edit-input narrow-edit error"
	at org.hamcrest.MatcherAssert.assertThat(MatcherAssert.java:20)
	at com.lohika.atf.tests.TestF.validationEditProductFields(TestF.java:234)
</failure>
  </testcase>
</testsuite>