<?xml version="1.0" encoding="UTF-8"?>
<!-- Generated by org.testng.reporters.JUnitReportReporter -->
<testsuite hostname="LVP1210002" name="com.lohika.atf.tests.TestF" tests="10" failures="0" timestamp="15 Oct 2014 15:56:48 GMT" time="28.773" errors="1">
  <testcase name="addProducts" time="4.393" classname="com.lohika.atf.tests.TestF"/>
  <testcase name="calcPrice" time="0.153" classname="com.lohika.atf.tests.TestF"/>
  <testcase name="CSVaddProducts" time="3.563" classname="com.lohika.atf.tests.TestF"/>
  <testcase name="CSVaddProducts" time="4.325" classname="com.lohika.atf.tests.TestF"/>
  <testcase name="validationEditProductFields" time="2.924" classname="com.lohika.atf.tests.TestF">
    <error type="java.lang.AssertionError" message="Error if price is string
Expected: &quot;CheckScreenshot&quot;
     but: was &quot;edit-input narrow-edit error&quot;">
      <![CDATA[java.lang.AssertionError: Error if price is string
Expected: "CheckScreenshot"
     but: was "edit-input narrow-edit error"
	at org.hamcrest.MatcherAssert.assertThat(MatcherAssert.java:20)
	at com.lohika.atf.tests.TestF.validationEditProductFields(TestF.java:234)
	at sun.reflect.NativeMethodAccessorImpl.invoke0(Native Method)
	at sun.reflect.NativeMethodAccessorImpl.invoke(Unknown Source)
	at sun.reflect.DelegatingMethodAccessorImpl.invoke(Unknown Source)
	at java.lang.reflect.Method.invoke(Unknown Source)
	at org.testng.internal.MethodInvocationHelper.invokeMethod(MethodInvocationHelper.java:84)
	at org.testng.internal.Invoker.invokeMethod(Invoker.java:714)
	at org.testng.internal.Invoker.invokeTestMethod(Invoker.java:901)
	at org.testng.internal.Invoker.invokeTestMethods(Invoker.java:1231)
	at org.testng.internal.TestMethodWorker.invokeTestMethods(TestMethodWorker.java:127)
	at org.testng.internal.TestMethodWorker.run(TestMethodWorker.java:111)
	at org.testng.TestRunner.privateRun(TestRunner.java:767)
	at org.testng.TestRunner.run(TestRunner.java:617)
	at org.testng.SuiteRunner.runTest(SuiteRunner.java:348)
	at org.testng.SuiteRunner.runSequentially(SuiteRunner.java:343)
	at org.testng.SuiteRunner.privateRun(SuiteRunner.java:305)
	at org.testng.SuiteRunner.run(SuiteRunner.java:254)
	at org.testng.SuiteRunnerWorker.runSuite(SuiteRunnerWorker.java:52)
	at org.testng.SuiteRunnerWorker.run(SuiteRunnerWorker.java:86)
	at org.testng.TestNG.runSuitesSequentially(TestNG.java:1224)
	at org.testng.TestNG.runSuitesLocally(TestNG.java:1149)
	at org.testng.TestNG.run(TestNG.java:1057)
	at org.apache.maven.surefire.testng.TestNGExecutor.run(TestNGExecutor.java:115)
	at org.apache.maven.surefire.testng.TestNGDirectoryTestSuite.executeSingleClass(TestNGDirectoryTestSuite.java:128)
	at org.apache.maven.surefire.testng.TestNGDirectoryTestSuite.execute(TestNGDirectoryTestSuite.java:112)
	at org.apache.maven.surefire.testng.TestNGProvider.invoke(TestNGProvider.java:112)
	at org.apache.maven.surefire.booter.ForkedBooter.invokeProviderInSameClassLoader(ForkedBooter.java:200)
	at org.apache.maven.surefire.booter.ForkedBooter.runSuitesInProcess(ForkedBooter.java:153)
	at org.apache.maven.surefire.booter.ForkedBooter.main(ForkedBooter.java:103)
]]>
    </error>
  </testcase> <!-- validationEditProductFields -->
  <testcase name="validationAddProductFields" time="11.640" classname="com.lohika.atf.tests.TestF"/>
  <testcase name="editProductSingleRow" time="0.001" classname="com.lohika.atf.tests.TestF"/>
  <testcase name="editCancelProduct" time="0.825" classname="com.lohika.atf.tests.TestF"/>
  <testcase name="editProductInvoice" time="0.806" classname="com.lohika.atf.tests.TestF"/>
  <testcase name="deleteProducts" time="0.143" classname="com.lohika.atf.tests.TestF"/>
</testsuite> <!-- com.lohika.atf.tests.TestF -->
